Flutter crash report.
Please report a bug at https://github.com/flutter/flutter/issues.

## command

flutter debug_adapter

## exception

RPCError: getIsolate: (-32603) Unexpected DWDS error for getIsolate: Bad state: No running isolate (inspector is not set).

```
#0      new _OutstandingRequest (package:vm_service/src/vm_service.dart:265:34)
#1      VmService._call.<anonymous closure> (package:vm_service/src/vm_service.dart:1921:25)
#2      VmService._call (package:vm_service/src/vm_service.dart:1933:8)
#3      VmService.getIsolate (package:vm_service/src/vm_service.dart:1009:7)
#4      IsolateManager._sendLibraryDebuggables (package:dds/src/dap/isolate_manager.dart:1034:35)
#5      IsolateManager._configureIsolate (package:dds/src/dap/isolate_manager.dart:555:9)
#6      IsolateManager.registerIsolate (package:dds/src/dap/isolate_manager.dart:246:13)
#7      IsolateManager.handleEvent (package:dds/src/dap/isolate_manager.dart:189:13)
#8      DartDebugAdapter.handleIsolateEvent (package:dds/src/dap/adapters/dart.dart:2488:26)
<asynchronous suspension>
#9      DartDebugAdapter._withErrorHandling (package:dds/src/dap/adapters/dart.dart:2819:14)
<asynchronous suspension>
```

## flutter doctor

```
[!] Flutter (Channel beta, 3.33.0-0.2.pre, on Microsoft Windows [Version 10.0.26100.4351], locale tr-TR) [266ms]
    • Flutter version 3.33.0-0.2.pre on channel beta at C:\Apps\flutter
    ! Warning: `dart` on your path resolves to C:\Program Files\dart-sdk\bin\dart.exe, which is not inside your current Flutter SDK checkout at C:\Apps\flutter. Consider adding C:\Apps\flutter\bin to the front of your path.
    • Upstream repository https://github.com/flutter/flutter.git
    • Framework revision 1db45f7408 (3 weeks ago), 2025-05-29 10:05:06 -0700
    • Engine revision 308a517184
    • Dart version 3.9.0 (build 3.9.0-100.2.beta)
    • DevTools version 2.46.0
    • If those were intentional, you can disregard the above warnings; however it is recommended to use "git" directly to perform update checks and upgrades.

[✓] Windows Version (11 Pro 64-bit, 24H2, 2009) [8,7s]

[✓] Android toolchain - develop for Android devices (Android SDK version 36.0.0) [47,6s]
    • Android SDK at C:\Users\imlal\AppData\Local\Android\sdk
    • Emulator version 35.5.10.0 (build_id 13402964) (CL:N/A)
    • Platform android-36, build-tools 36.0.0
    • Java binary at: C:\Program Files\Android\Android Studio\jbr\bin\java
      This is the JDK bundled with the latest Android Studio installation on this machine.
      To manually set the JDK path, use: `flutter config --jdk-dir="path/to/jdk"`.
    • Java version OpenJDK Runtime Environment (build 21.0.6+-13368085-b895.109)
    • All Android licenses accepted.

[✓] Chrome - develop for the web [11ms]
    • Chrome at C:\Program Files\Google\Chrome\Application\chrome.exe

[✓] Android Studio (version 2024.3.2) [10ms]
    • Android Studio at C:\Program Files\Android\Android Studio
    • Flutter plugin can be installed from:
      🔨 https://plugins.jetbrains.com/plugin/9212-flutter
    • Dart plugin can be installed from:
      🔨 https://plugins.jetbrains.com/plugin/6351-dart
    • Java version OpenJDK Runtime Environment (build 21.0.6+-13368085-b895.109)

[✓] VS Code (version 1.101.0) [8ms]
    • VS Code at C:\Users\imlal\AppData\Local\Programs\Microsoft VS Code
    • Flutter extension version 3.112.0

[✓] Connected device (2 available) [452ms]
    • Chrome (web) • chrome • web-javascript • Google Chrome 137.0.7151.119
    • Edge (web)   • edge   • web-javascript • Microsoft Edge 137.0.3296.83

[✓] Network resources [1.200ms]
    • All expected network resources are available.

! Doctor found issues in 1 category.
```
